c:\users\user\source\repos\проект3\проект3\debug\vc141.pdb
c:\users\user\source\repos\проект3\проект3\debug\.netframework,version=v4.6.1.assemblyattributes.obj
c:\users\user\source\repos\проект3\проект3\debug\.netframework,version=v4.6.1.assemblyattributes.asm
c:\users\user\source\repos\проект3\проект3\debug\source.obj
c:\users\user\source\repos\проект3\проект3\debug\table.obj
c:\users\user\source\repos\проект3\проект3\debug\myform.obj
c:\users\user\source\repos\проект3\debug\проект3.exe
c:\users\user\source\repos\проект3\debug\проект3.pdb
c:\users\user\source\repos\проект3\проект3\debug\проект3.myform.resources
c:\users\user\source\repos\проект3\проект3\debug\проект3.table.resources
c:\users\user\source\repos\проект3\проект3\debug\проект3.vcxproj.generateresource.cache
c:\users\user\source\repos\проект3\проект3\debug\проект3.vcxprojresolveassemblyreference.cache
c:\users\user\source\repos\проект3\проект3\debug\проект3.tlog\cl.command.1.tlog
c:\users\user\source\repos\проект3\проект3\debug\проект3.tlog\cl.read.1.tlog
c:\users\user\source\repos\проект3\проект3\debug\проект3.tlog\cl.write.1.tlog
c:\users\user\source\repos\проект3\проект3\debug\проект3.tlog\link.command.1.tlog
c:\users\user\source\repos\проект3\проект3\debug\проект3.tlog\link.read.1.tlog
c:\users\user\source\repos\проект3\проект3\debug\проект3.tlog\link.write.1.tlog
c:\users\user\source\repos\проект3\проект3\debug\проект3.tlog\metagen.read.1.tlog
c:\users\user\source\repos\проект3\проект3\debug\проект3.tlog\metagen.write.1.tlog
c:\users\user\source\repos\проект3\проект3\debug\проект3.tlog\проект3.write.1u.tlog
c:\users\user\source\repos\проект3\проект3\debug\проект3.tlog\rsaenh.dll.bi
c:\users\user\source\repos\проект3\проект3\debug\проект3.tlog\tzres.dll.bi
